#
# A fatal error has been detected by the Java Runtime Environment:
#
#  SIGSEGV (0xb) at pc=0x000000011072cb63, pid=1515, tid=16899
#
# JRE version: Java(TM) SE Runtime Environment (9.0+11) (build 9.0.4+11)
# Java VM: Java HotSpot(TM) 64-Bit Server VM (9.0.4+11, mixed mode, tiered, compressed oops, g1 gc, bsd-amd64)
# Problematic frame:
# V  [libjvm.dylib+0x32cb63]  G1SATBCardTableLoggingModRefBS::write_ref_field_work(void*, oopDesc*, bool)+0x15
#
# No core dump will be written. Core dumps have been disabled. To enable core dumping, try "ulimit -c unlimited" before starting Java again
#
# If you would like to submit a bug report, please visit:
#   http://bugreport.java.com/bugreport/crash.jsp
#

---------------  S U M M A R Y ------------

Command Line: -agentlib:jdwp=transport=dt_socket,address=127.0.0.1:51767,suspend=y,server=n -javaagent:/Users/piiik98/Library/Caches/IntelliJIdea2017.3/captureAgent/debugger-agent.jar=/private/var/folders/k5/m419bnpj1bb32z9rkhnj3sfh0000gn/T/capture.props -Dfile.encoding=UTF-8 main

Host: MacBookPro9,2 x86_64 2500 MHz, 4 cores, 4G, Darwin 17.2.0
Time: Thu Apr  5 21:23:30 2018 +08 elapsed time: 135742 seconds (1d 13h 42m 22s)

---------------  T H R E A D  ---------------

Current thread (0x00007fbc3b800800):  VMThread "VM Thread" [stack: 0x00007000104fd000,0x00007000105fd000] [id=16899]

Stack: [0x00007000104fd000,0x00007000105fd000],  sp=0x00007000105fbd60,  free space=1019k
Native frames: (J=compiled Java code, A=aot compiled Java code, j=interpreted, Vv=VM code, C=native code)
V  [libjvm.dylib+0x32cb63]  G1SATBCardTableLoggingModRefBS::write_ref_field_work(void*, oopDesc*, bool)+0x15
V  [libjvm.dylib+0x3a4086]  java_lang_String::basic_create(int, bool, Thread*)+0xb0
V  [libjvm.dylib+0x3a424f]  java_lang_String::create_from_str(char const*, Thread*)+0x61
V  [libjvm.dylib+0x2e2621]  Exceptions::new_exception(Thread*, Symbol*, char const*, Handle, Handle, Handle, Exceptions::ExceptionMsgToUtf8Mode)+0xd5
V  [libjvm.dylib+0x2e2dcc]  Exceptions::new_exception(Thread*, Symbol*, char const*, Exceptions::ExceptionMsgToUtf8Mode)+0x18
V  [libjvm.dylib+0x34feec]  GenerateOopMap::verify_error(char const*, ...)+0xe2
V  [libjvm.dylib+0x351eac]  GenerateOopMap::do_method(int, int, int, int)+0x12e
V  [libjvm.dylib+0x3506d9]  GenerateOopMap::interp_bb(BasicBlock*)+0x105
V  [libjvm.dylib+0x3503ef]  GenerateOopMap::interp_all()+0x53
V  [libjvm.dylib+0x3500d5]  GenerateOopMap::do_interpretation()+0x4b
V  [libjvm.dylib+0x352617]  GenerateOopMap::compute_map(Thread*)+0x16b
V  [libjvm.dylib+0x5e8c48]  OopMapForCacheEntry::compute_map(Thread*)+0x60
V  [libjvm.dylib+0x5e93ac]  OopMapCacheEntry::fill(methodHandle, int)+0xe0
V  [libjvm.dylib+0x5e9a7b]  OopMapCache::compute_one_oop_map(methodHandle const&, int, InterpreterOopMap*)+0x12b
V  [libjvm.dylib+0x5e98a7]  OopMapCache::lookup(methodHandle const&, int, InterpreterOopMap*) const+0xa3
V  [libjvm.dylib+0x5b2be7]  Method::mask_for(int, InterpreterOopMap*)+0x61
V  [libjvm.dylib+0x4a7431]  VM_GetOrSetLocal::doit()+0x49
V  [libjvm.dylib+0x747827]  VM_Operation::evaluate()+0x8d
V  [libjvm.dylib+0x746e9c]  VMThread::evaluate_operation(VM_Operation*)+0xda
V  [libjvm.dylib+0x746b8e]  VMThread::loop()+0x2f6
V  [libjvm.dylib+0x7467b9]  VMThread::run()+0x75
V  [libjvm.dylib+0x5f02f3]  thread_native_entry(Thread*)+0x12b
C  [libsystem_pthread.dylib+0x36c1]  _pthread_body+0x154
C  [libsystem_pthread.dylib+0x356d]  _pthread_body+0x0
C  [libsystem_pthread.dylib+0x2c5d]  thread_start+0xd


siginfo: si_signo: 11 (SIGSEGV), si_code: 1 (SEGV_MAPERR), si_addr: 0x000000410db1f2f0

Register to memory mapping:

RAX=0x000000011072cb4e: _ZN30G1SATBCardTableLoggingModRefBS20write_ref_field_workEPvP7oopDescb+0 in /Library/Java/JavaVirtualMachines/jdk-9.0.4.jdk/Contents/Home/lib/server/libjvm.dylib at 0x0000000110400000
RBX=0x000000010dec5000 is an unknown value
RCX=0x0000000000000000 is an unknown value
RDX=0x00007fff8b45e138: OBJC_CLASS_$_NSTimeZone+0x18 in /System/Library/Frameworks/CoreFoundation.framework/Versions/A/CoreFoundation at 0x00007fff30fbf000
RSP=0x00007000105fbd60 is an unknown value
RBP=0x00007000105fbd80 is an unknown value
RSI=0x0000003fffc5a2f0 is an unknown value
RDI=0x00007fbc3b7064b0 is an unknown value
R8 =0x0000000110d09030: _ZN8Universe13_narrow_klassE+0 in /Library/Java/JavaVirtualMachines/jdk-9.0.4.jdk/Contents/Home/lib/server/libjvm.dylib at 0x0000000110400000
R9 =0x0000000000000000 is an unknown value
R10=0x0000000000000000 is an unknown value
R11=0x0000000110b9c1d4: __cxx_global_var_init5+0x377c4 in /Library/Java/JavaVirtualMachines/jdk-9.0.4.jdk/Contents/Home/lib/server/libjvm.dylib at 0x0000000110400000
R12=0x0000000000000052 is an unknown value
R13=0x00007fff8b45e120: OBJC_CLASS_$_NSTimeZone+0 in /System/Library/Frameworks/CoreFoundation.framework/Versions/A/CoreFoundation at 0x00007fff30fbf000
R14=0x00007fbc3b7064b0 is an unknown value
R15=0x0000000000000001 is an unknown value


Registers:
RAX=0x000000011072cb4e, RBX=0x000000010dec5000, RCX=0x0000000000000000, RDX=0x00007fff8b45e138
RSP=0x00007000105fbd60, RBP=0x00007000105fbd80, RSI=0x0000003fffc5a2f0, RDI=0x00007fbc3b7064b0
R8 =0x0000000110d09030, R9 =0x0000000000000000, R10=0x0000000000000000, R11=0x0000000110b9c1d4
R12=0x0000000000000052, R13=0x00007fff8b45e120, R14=0x00007fbc3b7064b0, R15=0x0000000000000001
RIP=0x000000011072cb63, EFLAGS=0x0000000000010207, ERR=0x0000000000000004
  TRAPNO=0x000000000000000e

Top of Stack: (sp=0x00007000105fbd60)
0x00007000105fbd60:   000000011072cb4e 00007fff8b45e120
0x00007000105fbd70:   00007fbc3b5080a0 0000000000000001
0x00007000105fbd80:   00007000105fbdc0 00000001107a4086
0x00007000105fbd90:   0000000110cec501 00007fbc3b800800
0x00007000105fbda0:   0000000000000000 0000000000000000
0x00007000105fbdb0:   00007000105fbfd0 0000000000000052
0x00007000105fbdc0:   00007000105fbe00 00000001107a424f
0x00007000105fbdd0:   00007000105fbee0 0001000000000000
0x00007000105fbde0:   0000000000000000 00007fbc3b800800
0x00007000105fbdf0:   0000000000000000 00007000105fbfd0
0x00007000105fbe00:   00007000105fbef0 00000001106e2621
0x00007000105fbe10:   a8a56c4179f6000e 00007000105fbfd0
0x00007000105fbe20:   0000000130321f90 0000000000000000
0x00007000105fbe30:   0000000000000000 0000000000000000
0x00007000105fbe40:   0000000000000000 0000000110b9c1d5
0x00007000105fbe50:   00007fbc3b413a60 000000008fffffff
0x00007000105fbe60:   0000000000000000 0000000000000000
0x00007000105fbe70:   00007fbc3b508020 0000000000000000
0x00007000105fbe80:   0000000110b6d762 0000000000000010
0x00007000105fbe90:   00007fbc3b508020 00007000105fbe48
0x00007000105fbea0:   00007000105fbe89 0000000800000000
0x00007000105fbeb0:   0000000000000000 0000000000000000
0x00007000105fbec0:   a8a56c4179f6000e 00007000105fc858
0x00007000105fbed0:   00007000105fc200 00007000105fc858
0x00007000105fbee0:   00007000105fbfd0 a8a56c4179f6000e
0x00007000105fbef0:   00007000105fbf10 00000001106e2dcc
0x00007000105fbf00:   a8a56c4100000000 00007000105fc858
0x00007000105fbf10:   00007000105fc1f0 000000011074feec
0x00007000105fbf20:   0000000000000000 0000000000000000
0x00007000105fbf30:   0000000000000076 0000000000000072
0x00007000105fbf40:   0000000000000014 000000008fffffff
0x00007000105fbf50:   0000000000000000 0000000000000000 

Instructions: (pc=0x000000011072cb63)
0x000000011072cb43:   5b 41 5c 41 5d 41 5e 41 5f 5d c3 55 48 89 e5 41
0x000000011072cb53:   57 41 56 53 50 49 89 fe 48 c1 ee 09 49 8b 5e 78
0x000000011072cb63:   0f b6 04 33 83 f8 20 0f 84 b6 00 00 00 48 01 f3
0x000000011072cb73:   48 8d 05 26 83 61 00 83 38 01 75 0d 48 8d 05 94 

VM_Operation (0x0000700010f179e8): GetOrSetLocal, mode: safepoint, requested by thread 0x00007fbc3d022000


---------------  P R O C E S S  ---------------

Java Threads: ( => current thread )
  0x00007fbc3b876000 JavaThread "Service Thread" daemon [_thread_blocked, id=25859, stack(0x0000700011121000,0x0000700011221000)]
  0x00007fbc3d05a000 JavaThread "JDWP Command Reader" daemon [_thread_in_native, id=25347, stack(0x000070001101e000,0x000070001111e000)]
  0x00007fbc3c04a000 JavaThread "JDWP Event Helper Thread" daemon [_thread_blocked, id=24835, stack(0x0000700010f1b000,0x000070001101b000)]
  0x00007fbc3d022000 JavaThread "JDWP Transport Listener: dt_socket" daemon [_thread_blocked, id=24327, stack(0x0000700010e18000,0x0000700010f18000)]
  0x00007fbc3c047800 JavaThread "Common-Cleaner" daemon [_thread_blocked, id=23811, stack(0x0000700010d15000,0x0000700010e15000)]
  0x00007fbc3b815800 JavaThread "Sweeper thread" daemon [_thread_blocked, id=23299, stack(0x0000700010c12000,0x0000700010d12000)]
  0x00007fbc3c03e000 JavaThread "C1 CompilerThread2" daemon [_thread_blocked, id=22787, stack(0x0000700010b0f000,0x0000700010c0f000)]
  0x00007fbc3b80e800 JavaThread "C2 CompilerThread1" daemon [_thread_blocked, id=22275, stack(0x0000700010a0c000,0x0000700010b0c000)]
  0x00007fbc3c87e000 JavaThread "C2 CompilerThread0" daemon [_thread_blocked, id=21763, stack(0x0000700010909000,0x0000700010a09000)]
  0x00007fbc3c87d000 JavaThread "Signal Dispatcher" daemon [_thread_blocked, id=21255, stack(0x0000700010806000,0x0000700010906000)]
  0x00007fbc3d02e800 JavaThread "Finalizer" daemon [_thread_blocked, id=17923, stack(0x0000700010703000,0x0000700010803000)]
  0x00007fbc3c887800 JavaThread "Reference Handler" daemon [_thread_blocked, id=17411, stack(0x0000700010600000,0x0000700010700000)]
  0x00007fbc3c003800 JavaThread "main" [_thread_blocked, id=6915, stack(0x000070000f8d9000,0x000070000f9d9000)]

Other Threads:
=>0x00007fbc3b800800 VMThread "VM Thread" [stack: 0x00007000104fd000,0x00007000105fd000] [id=16899]
  0x00007fbc3c878000 WatcherThread [stack: 0x0000700011224000,0x0000700011324000] [id=26371]
  0x00007fbc3d00d000 GCTaskThread "GC Thread#0" [stack: 0x000070000f9dc000,0x000070000fadc000] [id=10755]
  0x00007fbc3d00e000 GCTaskThread "GC Thread#1" [stack: 0x000070000fadf000,0x000070000fbdf000] [id=11267]
  0x00007fbc3c806800 GCTaskThread "GC Thread#2" [stack: 0x000070000fbe2000,0x000070000fce2000] [id=11779]
  0x00007fbc3c808000 GCTaskThread "GC Thread#3" [stack: 0x000070000fce5000,0x000070000fde5000] [id=12291]
  0x00007fbc3c81b000 ConcurrentGCThread "G1 Main Marker" [stack: 0x00007000102f7000,0x00007000103f7000] [id=15363]
  0x00007fbc3c00d000 ConcurrentGCThread "G1 Marker#0" [stack: 0x00007000103fa000,0x00007000104fa000] [id=16387]
  0x00007fbc3c00c800 ConcurrentGCThread "G1 Refine#0" [stack: 0x00007000100f1000,0x00007000101f1000] [id=14339]
  0x00007fbc3d010000 ConcurrentGCThread "G1 Refine#1" [stack: 0x000070000ffee000,0x00007000100ee000] [id=13827]
  0x00007fbc3d00f000 ConcurrentGCThread "G1 Refine#2" [stack: 0x000070000feeb000,0x000070000ffeb000] [id=13315]
  0x00007fbc3d00e800 ConcurrentGCThread "G1 Refine#3" [stack: 0x000070000fde8000,0x000070000fee8000] [id=12803]
  0x00007fbc3d010800 ConcurrentGCThread "G1 Young RemSet Sampling" [stack: 0x00007000101f4000,0x00007000102f4000] [id=14851]

Threads with active compile tasks:

VM state:at safepoint (normal execution)

VM Mutex/Monitor currently owned by a thread:  ([mutex/lock_event])
[0x00007fbc3b408890] Threads_lock - owner thread: 0x00007fbc3b800800

Heap address: 0x0000000780000000, size: 1024 MB, Compressed Oops mode: Zero based, Oop shift amount: 3
Narrow klass base: 0x0000000000000000, Narrow klass shift: 3
Compressed class space size: 1073741824 Address: 0x00000007c0000000

Heap:
 garbage-first heap   total 65536K, used 6144K [0x0000000780000000, 0x0000000780100200, 0x00000007c0000000)
  region size 1024K, 7 young (7168K), 0 survivors (0K)
 Metaspace       used 7193K, capacity 7416K, committed 7680K, reserved 1056768K
  class space    used 657K, capacity 725K, committed 768K, reserved 1048576K
Heap Regions: E=young(eden), S=young(survivor), O=old, HS=humongous(starts), HC=humongous(continues), CS=collection set, F=free, A=archive, TS=gc time stamp, AC=allocation context, TAMS=top-at-mark-start (previous, next)
|   0|0x0000000780000000, 0x0000000780000000, 0x0000000780100000|  0%| F|  |TS  0|AC  0|TAMS 0x0000000780000000, 0x0000000780000000|
|   1|0x0000000780100000, 0x0000000780100000, 0x0000000780200000|  0%| F|  |TS  0|AC  0|TAMS 0x0000000780100000, 0x0000000780100000|
|   2|0x0000000780200000, 0x0000000780200000, 0x0000000780300000|  0%| F|  |TS  0|AC  0|TAMS 0x0000000780200000, 0x0000000780200000|
|   3|0x0000000780300000, 0x0000000780300000, 0x0000000780400000|  0%| F|  |TS  0|AC  0|TAMS 0x0000000780300000, 0x0000000780300000|
|   4|0x0000000780400000, 0x0000000780400000, 0x0000000780500000|  0%| F|  |TS  0|AC  0|TAMS 0x0000000780400000, 0x0000000780400000|
|   5|0x0000000780500000, 0x0000000780500000, 0x0000000780600000|  0%| F|  |TS  0|AC  0|TAMS 0x0000000780500000, 0x0000000780500000|
|   6|0x0000000780600000, 0x0000000780600000, 0x0000000780700000|  0%| F|  |TS  0|AC  0|TAMS 0x0000000780600000, 0x0000000780600000|
|   7|0x0000000780700000, 0x0000000780700000, 0x0000000780800000|  0%| F|  |TS  0|AC  0|TAMS 0x0000000780700000, 0x0000000780700000|
|   8|0x0000000780800000, 0x0000000780800000, 0x0000000780900000|  0%| F|  |TS  0|AC  0|TAMS 0x0000000780800000, 0x0000000780800000|
|   9|0x0000000780900000, 0x0000000780900000, 0x0000000780a00000|  0%| F|  |TS  0|AC  0|TAMS 0x0000000780900000, 0x0000000780900000|
|  10|0x0000000780a00000, 0x0000000780a00000, 0x0000000780b00000|  0%| F|  |TS  0|AC  0|TAMS 0x0000000780a00000, 0x0000000780a00000|
|  11|0x0000000780b00000, 0x0000000780b00000, 0x0000000780c00000|  0%| F|  |TS  0|AC  0|TAMS 0x0000000780b00000, 0x0000000780b00000|
|  12|0x0000000780c00000, 0x0000000780c00000, 0x0000000780d00000|  0%| F|  |TS  0|AC  0|TAMS 0x0000000780c00000, 0x0000000780c00000|
|  13|0x0000000780d00000, 0x0000000780d00000, 0x0000000780e00000|  0%| F|  |TS  0|AC  0|TAMS 0x0000000780d00000, 0x0000000780d00000|
|  14|0x0000000780e00000, 0x0000000780e00000, 0x0000000780f00000|  0%| F|  |TS  0|AC  0|TAMS 0x0000000780e00000, 0x0000000780e00000|
|  15|0x0000000780f00000, 0x0000000780f00000, 0x0000000781000000|  0%| F|  |TS  0|AC  0|TAMS 0x0000000780f00000, 0x0000000780f00000|
|  16|0x0000000781000000, 0x0000000781000000, 0x0000000781100000|  0%| F|  |TS  0|AC  0|TAMS 0x0000000781000000, 0x0000000781000000|
|  17|0x0000000781100000, 0x0000000781100000, 0x0000000781200000|  0%| F|  |TS  0|AC  0|TAMS 0x0000000781100000, 0x0000000781100000|
|  18|0x0000000781200000, 0x0000000781200000, 0x0000000781300000|  0%| F|  |TS  0|AC  0|TAMS 0x0000000781200000, 0x0000000781200000|
|  19|0x0000000781300000, 0x0000000781300000, 0x0000000781400000|  0%| F|  |TS  0|AC  0|TAMS 0x0000000781300000, 0x0000000781300000|
|  20|0x0000000781400000, 0x0000000781400000, 0x0000000781500000|  0%| F|  |TS  0|AC  0|TAMS 0x0000000781400000, 0x0000000781400000|
|  21|0x0000000781500000, 0x0000000781500000, 0x0000000781600000|  0%| F|  |TS  0|AC  0|TAMS 0x0000000781500000, 0x0000000781500000|
|  22|0x0000000781600000, 0x0000000781600000, 0x0000000781700000|  0%| F|  |TS  0|AC  0|TAMS 0x0000000781600000, 0x0000000781600000|
|  23|0x0000000781700000, 0x0000000781700000, 0x0000000781800000|  0%| F|  |TS  0|AC  0|TAMS 0x0000000781700000, 0x0000000781700000|
|  24|0x0000000781800000, 0x0000000781800000, 0x0000000781900000|  0%| F|  |TS  0|AC  0|TAMS 0x0000000781800000, 0x0000000781800000|
|  25|0x0000000781900000, 0x0000000781900000, 0x0000000781a00000|  0%| F|  |TS  0|AC  0|TAMS 0x0000000781900000, 0x0000000781900000|
|  26|0x0000000781a00000, 0x0000000781a00000, 0x0000000781b00000|  0%| F|  |TS  0|AC  0|TAMS 0x0000000781a00000, 0x0000000781a00000|
|  27|0x0000000781b00000, 0x0000000781b00000, 0x0000000781c00000|  0%| F|  |TS  0|AC  0|TAMS 0x0000000781b00000, 0x0000000781b00000|
|  28|0x0000000781c00000, 0x0000000781c00000, 0x0000000781d00000|  0%| F|  |TS  0|AC  0|TAMS 0x0000000781c00000, 0x0000000781c00000|
|  29|0x0000000781d00000, 0x0000000781d00000, 0x0000000781e00000|  0%| F|  |TS  0|AC  0|TAMS 0x0000000781d00000, 0x0000000781d00000|
|  30|0x0000000781e00000, 0x0000000781e00000, 0x0000000781f00000|  0%| F|  |TS  0|AC  0|TAMS 0x0000000781e00000, 0x0000000781e00000|
|  31|0x0000000781f00000, 0x0000000781f00000, 0x0000000782000000|  0%| F|  |TS  0|AC  0|TAMS 0x0000000781f00000, 0x0000000781f00000|
|  32|0x0000000782000000, 0x0000000782000000, 0x0000000782100000|  0%| F|  |TS  0|AC  0|TAMS 0x0000000782000000, 0x0000000782000000|
|  33|0x0000000782100000, 0x0000000782100000, 0x0000000782200000|  0%| F|  |TS  0|AC  0|TAMS 0x0000000782100000, 0x0000000782100000|
|  34|0x0000000782200000, 0x0000000782200000, 0x0000000782300000|  0%| F|  |TS  0|AC  0|TAMS 0x0000000782200000, 0x0000000782200000|
|  35|0x0000000782300000, 0x0000000782300000, 0x0000000782400000|  0%| F|  |TS  0|AC  0|TAMS 0x0000000782300000, 0x0000000782300000|
|  36|0x0000000782400000, 0x0000000782400000, 0x0000000782500000|  0%| F|  |TS  0|AC  0|TAMS 0x0000000782400000, 0x0000000782400000|
|  37|0x0000000782500000, 0x0000000782500000, 0x0000000782600000|  0%| F|  |TS  0|AC  0|TAMS 0x0000000782500000, 0x0000000782500000|
|  38|0x0000000782600000, 0x0000000782600000, 0x0000000782700000|  0%| F|  |TS  0|AC  0|TAMS 0x0000000782600000, 0x0000000782600000|
|  39|0x0000000782700000, 0x0000000782700000, 0x0000000782800000|  0%| F|  |TS  0|AC  0|TAMS 0x0000000782700000, 0x0000000782700000|
|  40|0x0000000782800000, 0x0000000782800000, 0x0000000782900000|  0%| F|  |TS  0|AC  0|TAMS 0x0000000782800000, 0x0000000782800000|
|  41|0x0000000782900000, 0x0000000782900000, 0x0000000782a00000|  0%| F|  |TS  0|AC  0|TAMS 0x0000000782900000, 0x0000000782900000|
|  42|0x0000000782a00000, 0x0000000782a00000, 0x0000000782b00000|  0%| F|  |TS  0|AC  0|TAMS 0x0000000782a00000, 0x0000000782a00000|
|  43|0x0000000782b00000, 0x0000000782b00000, 0x0000000782c00000|  0%| F|  |TS  0|AC  0|TAMS 0x0000000782b00000, 0x0000000782b00000|
|  44|0x0000000782c00000, 0x0000000782c00000, 0x0000000782d00000|  0%| F|  |TS  0|AC  0|TAMS 0x0000000782c00000, 0x0000000782c00000|
|  45|0x0000000782d00000, 0x0000000782d00000, 0x0000000782e00000|  0%| F|  |TS  0|AC  0|TAMS 0x0000000782d00000, 0x0000000782d00000|
|  46|0x0000000782e00000, 0x0000000782e00000, 0x0000000782f00000|  0%| F|  |TS  0|AC  0|TAMS 0x0000000782e00000, 0x0000000782e00000|
|  47|0x0000000782f00000, 0x0000000782f00000, 0x0000000783000000|  0%| F|  |TS  0|AC  0|TAMS 0x0000000782f00000, 0x0000000782f00000|
|  48|0x0000000783000000, 0x0000000783000000, 0x0000000783100000|  0%| F|  |TS  0|AC  0|TAMS 0x0000000783000000, 0x0000000783000000|
|  49|0x0000000783100000, 0x0000000783100000, 0x0000000783200000|  0%| F|  |TS  0|AC  0|TAMS 0x0000000783100000, 0x0000000783100000|
|  50|0x0000000783200000, 0x0000000783200000, 0x0000000783300000|  0%| F|  |TS  0|AC  0|TAMS 0x0000000783200000, 0x0000000783200000|
|  51|0x0000000783300000, 0x0000000783300000, 0x0000000783400000|  0%| F|  |TS  0|AC  0|TAMS 0x0000000783300000, 0x0000000783300000|
|  52|0x0000000783400000, 0x0000000783400000, 0x0000000783500000|  0%| F|  |TS  0|AC  0|TAMS 0x0000000783400000, 0x0000000783400000|
|  53|0x0000000783500000, 0x0000000783500000, 0x0000000783600000|  0%| F|  |TS  0|AC  0|TAMS 0x0000000783500000, 0x0000000783500000|
|  54|0x0000000783600000, 0x0000000783600000, 0x0000000783700000|  0%| F|  |TS  0|AC  0|TAMS 0x0000000783600000, 0x0000000783600000|
|  55|0x0000000783700000, 0x0000000783700000, 0x0000000783800000|  0%| F|  |TS  0|AC  0|TAMS 0x0000000783700000, 0x0000000783700000|
|  56|0x0000000783800000, 0x0000000783800000, 0x0000000783900000|  0%| F|  |TS  0|AC  0|TAMS 0x0000000783800000, 0x0000000783800000|
|  57|0x0000000783900000, 0x0000000783948308, 0x0000000783a00000| 28%| E|  |TS  0|AC  0|TAMS 0x0000000783900000, 0x0000000783900000|
|  58|0x0000000783a00000, 0x0000000783b00000, 0x0000000783b00000|100%| E|CS|TS  0|AC  0|TAMS 0x0000000783a00000, 0x0000000783a00000|
|  59|0x0000000783b00000, 0x0000000783c00000, 0x0000000783c00000|100%| E|CS|TS  0|AC  0|TAMS 0x0000000783b00000, 0x0000000783b00000|
|  60|0x0000000783c00000, 0x0000000783d00000, 0x0000000783d00000|100%| E|CS|TS  0|AC  0|TAMS 0x0000000783c00000, 0x0000000783c00000|
|  61|0x0000000783d00000, 0x0000000783e00000, 0x0000000783e00000|100%| E|CS|TS  0|AC  0|TAMS 0x0000000783d00000, 0x0000000783d00000|
|  62|0x0000000783e00000, 0x0000000783f00000, 0x0000000783f00000|100%| E|CS|TS  0|AC  0|TAMS 0x0000000783e00000, 0x0000000783e00000|
|  63|0x0000000783f00000, 0x0000000784000000, 0x0000000784000000|100%| E|CS|TS  0|AC  0|TAMS 0x0000000783f00000, 0x0000000783f00000|

Card table byte_map: [0x0000000111ac5000,0x0000000111cc5000] byte_map_base: 0x000000010dec5000

Marking Bits (Prev, Next): (CMBitMap*) 0x00007fbc3c81a670, (CMBitMap*) 0x00007fbc3c81a6a8
 Prev Bits: [0x0000000111ec5000, 0x0000000112ec5000)
 Next Bits: [0x000000012c7f9000, 0x000000012d7f9000)

Polling page: 0x000000010fb55000

CodeHeap 'non-profiled nmethods': size=120032Kb used=115Kb max_used=115Kb free=119916Kb
 bounds [0x00000001252c1000, 0x0000000125531000, 0x000000012c7f9000]
CodeHeap 'profiled nmethods': size=120032Kb used=425Kb max_used=425Kb free=119606Kb
 bounds [0x000000011dd89000, 0x000000011dff9000, 0x00000001252c1000]
CodeHeap 'non-nmethods': size=5696Kb used=1192Kb max_used=1192Kb free=4503Kb
 bounds [0x000000011d7f9000, 0x000000011da69000, 0x000000011dd89000]
 total_blobs=792 nmethods=372 adapters=268
 compilation: enabled

Compilation events (10 events):
Event: 3.306 Thread 0x00007fbc3c03e000  317       3       java.lang.invoke.MemberName::getReferenceKind (12 bytes)
Event: 3.307 Thread 0x00007fbc3c03e000 nmethod 317 0x000000011ddef890 code [0x000000011ddefa40, 0x000000011ddefbb0]
Event: 3.307 Thread 0x00007fbc3c03e000  318       3       java.util.Arrays::copyOf (40 bytes)
Event: 3.310 Thread 0x00007fbc3c03e000 nmethod 318 0x000000011ddefc10 code [0x000000011ddefe20, 0x000000011ddf05e8]
Event: 3.310 Thread 0x00007fbc3c03e000  319       3       java.lang.StringUTF16::compress (50 bytes)
Event: 3.310 Thread 0x00007fbc3c03e000 nmethod 319 0x000000011ddf0810 code [0x000000011ddf09e0, 0x000000011ddf0c70]
Event: 3.310 Thread 0x00007fbc3c03e000  320       3       java.util.ArrayList::add (25 bytes)
Event: 3.311 Thread 0x00007fbc3c03e000 nmethod 320 0x000000011ddf0e10 code [0x000000011ddf1020, 0x000000011ddf16b8]
Event: 81.371 Thread 0x00007fbc3c03e000  372       3       java.lang.StringCoding::encodeUTF8 (434 bytes)
Event: 81.377 Thread 0x00007fbc3c03e000 nmethod 372 0x000000011ddf1990 code [0x000000011ddf1c20, 0x000000011ddf2d88]

GC Heap History (0 events):
No events

Deoptimization events (1 events):
Event: 0.581 Thread 0x00007fbc3c003800 Uncommon trap: reason=unstable_if action=reinterpret pc=0x00000001252cc8a0 method=java.lang.String.charAt(I)C @ 4 c2

Classes redefined (6 events):
Event: 139.192 Thread 0x00007fbc3b800800 redefined class name=main, count=1
Event: 243.747 Thread 0x00007fbc3b800800 redefined class name=main, count=2
Event: 347.230 Thread 0x00007fbc3b800800 redefined class name=main, count=3
Event: 518.664 Thread 0x00007fbc3b800800 redefined class name=main, count=4
Event: 597.759 Thread 0x00007fbc3b800800 redefined class name=main, count=5
Event: 11491.918 Thread 0x00007fbc3b800800 redefined class name=main, count=6

Internal exceptions (10 events):
Event: 3.304 Thread 0x00007fbc3c003800 Exception <a 'java/lang/NoSuchMethodError'{0x0000000783bf26f8}: java.lang.Object.lambda$union$2(Ljava/util/regex/Pattern$CharPredicate;I)Z> (0x0000000783bf26f8) thrown at [/scratch/mesos/slaves/450fa0f5-8733-43f8-b866-79fe3e86d200-S756/frameworks/1735e8a2
Event: 35.295 Thread 0x00007fbc3c003800 Exception <a 'java/lang/NoSuchMethodError'{0x0000000783aa0920}: method resolution failed> (0x0000000783aa0920) thrown at [/scratch/mesos/slaves/450fa0f5-8733-43f8-b866-79fe3e86d200-S756/frameworks/1735e8a2-a1db-478c-8104-60c8b0af87dd-0196/executors/132405
Event: 35.404 Thread 0x00007fbc3c003800 Exception <a 'java/lang/NoSuchMethodError'{0x0000000783ab24d0}: method resolution failed> (0x0000000783ab24d0) thrown at [/scratch/mesos/slaves/450fa0f5-8733-43f8-b866-79fe3e86d200-S756/frameworks/1735e8a2-a1db-478c-8104-60c8b0af87dd-0196/executors/132405
Event: 35.515 Thread 0x00007fbc3c003800 Exception <a 'java/lang/NoSuchMethodError'{0x0000000783ac3630}: java.lang.invoke.DirectMethodHandle$Holder.invokeSpecial(Ljava/lang/Object;Ljava/lang/Object;IILjava/lang/Object;Ljava/lang/Object;Ljava/lang/Object;)Ljava/lang/Object;> (0x0000000783ac3630) 
Event: 35.533 Thread 0x00007fbc3c003800 Exception <a 'java/lang/NoSuchMethodError'{0x0000000783ac6a60}: java.lang.invoke.DelegatingMethodHandle$Holder.reinvoke_L(Ljava/lang/Object;IILjava/lang/Object;Ljava/lang/Object;Ljava/lang/Object;)Ljava/lang/Object;> (0x0000000783ac6a60) thrown at [/scrat
Event: 35.555 Thread 0x00007fbc3c003800 Exception <a 'java/lang/NoSuchMethodError'{0x0000000783acc3e0}: method resolution failed> (0x0000000783acc3e0) thrown at [/scratch/mesos/slaves/450fa0f5-8733-43f8-b866-79fe3e86d200-S756/frameworks/1735e8a2-a1db-478c-8104-60c8b0af87dd-0196/executors/132405
Event: 35.686 Thread 0x00007fbc3c003800 Exception <a 'java/lang/NoSuchMethodError'{0x0000000783ae40c0}: method resolution failed> (0x0000000783ae40c0) thrown at [/scratch/mesos/slaves/450fa0f5-8733-43f8-b866-79fe3e86d200-S756/frameworks/1735e8a2-a1db-478c-8104-60c8b0af87dd-0196/executors/132405
Event: 35.855 Thread 0x00007fbc3c003800 Exception <a 'java/lang/NoSuchMethodError'{0x0000000783afa190}: method resolution failed> (0x0000000783afa190) thrown at [/scratch/mesos/slaves/450fa0f5-8733-43f8-b866-79fe3e86d200-S756/frameworks/1735e8a2-a1db-478c-8104-60c8b0af87dd-0196/executors/132405
Event: 36.005 Thread 0x00007fbc3c003800 Exception <a 'java/lang/NoSuchMethodError'{0x0000000783912128}: method resolution failed> (0x0000000783912128) thrown at [/scratch/mesos/slaves/450fa0f5-8733-43f8-b866-79fe3e86d200-S756/frameworks/1735e8a2-a1db-478c-8104-60c8b0af87dd-0196/executors/132405
Event: 36.165 Thread 0x00007fbc3c003800 Exception <a 'java/lang/NoSuchMethodError'{0x000000078392b5d8}: method resolution failed> (0x000000078392b5d8) thrown at [/scratch/mesos/slaves/450fa0f5-8733-43f8-b866-79fe3e86d200-S756/frameworks/1735e8a2-a1db-478c-8104-60c8b0af87dd-0196/executors/132405

Events (10 events):
Event: 135742.351 Executing VM operation: GetFrameLocation done
Event: 135742.409 Executing VM operation: GetFrameCount
Event: 135742.409 Executing VM operation: GetFrameCount done
Event: 135742.410 Executing VM operation: GetFrameLocation
Event: 135742.410 Executing VM operation: GetFrameLocation done
Event: 135742.414 Executing VM operation: GetFrameCount
Event: 135742.414 Executing VM operation: GetFrameCount done
Event: 135742.414 Executing VM operation: GetFrameLocation
Event: 135742.414 Executing VM operation: GetFrameLocation done
Event: 135742.440 Executing VM operation: GetOrSetLocal


Dynamic libraries:
0x00007fff3081d000 	/System/Library/Frameworks/Cocoa.framework/Versions/A/Cocoa
0x00007fff3cba1000 	/System/Library/Frameworks/Security.framework/Versions/A/Security
0x00007fff2f4be000 	/System/Library/Frameworks/ApplicationServices.framework/Versions/A/ApplicationServices
0x00007fff584c5000 	/usr/lib/libz.1.dylib
0x00007fff56460000 	/usr/lib/libSystem.B.dylib
0x00007fff30fbf000 	/System/Library/Frameworks/CoreFoundation.framework/Versions/A/CoreFoundation
0x00007fff330ea000 	/System/Library/Frameworks/Foundation.framework/Versions/C/Foundation
0x00007fff57ada000 	/usr/lib/libobjc.A.dylib
0x00007fff2e611000 	/System/Library/Frameworks/AppKit.framework/Versions/C/AppKit
0x00007fff30b93000 	/System/Library/Frameworks/CoreData.framework/Versions/A/CoreData
0x00007fff4feef000 	/System/Library/PrivateFrameworks/RemoteViewServices.framework/Versions/A/RemoteViewServices
0x00007fff54507000 	/System/Library/PrivateFrameworks/UIFoundation.framework/Versions/A/UIFoundation
0x00007fff45044000 	/System/Library/PrivateFrameworks/DFRFoundation.framework/Versions/A/DFRFoundation
0x00007fff35529000 	/System/Library/Frameworks/Metal.framework/Versions/A/Metal
0x00007fff451e6000 	/System/Library/PrivateFrameworks/DesktopServicesPriv.framework/Versions/A/DesktopServicesPriv
0x00007fff570dd000 	/usr/lib/libenergytrace.dylib
0x00007fff5263f000 	/System/Library/PrivateFrameworks/SkyLight.framework/Versions/A/SkyLight
0x00007fff31459000 	/System/Library/Frameworks/CoreGraphics.framework/Versions/A/CoreGraphics
0x00007fff5645b000 	/usr/lib/libScreenReader.dylib
0x00007fff2d350000 	/System/Library/Frameworks/Accelerate.framework/Versions/A/Accelerate
0x00007fff3385e000 	/System/Library/Frameworks/IOSurface.framework/Versions/A/IOSurface
0x00007fff2fa08000 	/System/Library/Frameworks/AudioToolbox.framework/Versions/A/AudioToolbox
0x00007fff2fc92000 	/System/Library/Frameworks/AudioUnit.framework/Versions/A/AudioUnit
0x00007fff450e1000 	/System/Library/PrivateFrameworks/DataDetectorsCore.framework/Versions/A/DataDetectorsCore
0x00007fff30326000 	/System/Library/Frameworks/Carbon.framework/Versions/A/Frameworks/HIToolbox.framework/Versions/A/HIToolbox
0x00007fff57237000 	/usr/lib/libicucore.A.dylib
0x00007fff3c129000 	/System/Library/Frameworks/QuartzCore.framework/Versions/A/QuartzCore
0x00007fff3070b000 	/System/Library/Frameworks/Carbon.framework/Versions/A/Frameworks/SpeechRecognition.framework/Versions/A/SpeechRecognition
0x00007fff5663e000 	/usr/lib/libauto.dylib
0x00007fff583b4000 	/usr/lib/libxml2.2.dylib
0x00007fff44cd0000 	/System/Library/PrivateFrameworks/CoreUI.framework/Versions/A/CoreUI
0x00007fff30a6f000 	/System/Library/Frameworks/CoreAudio.framework/Versions/A/CoreAudio
0x00007fff32f24000 	/System/Library/Frameworks/DiskArbitration.framework/Versions/A/DiskArbitration
0x00007fff574ab000 	/usr/lib/liblangid.dylib
0x00007fff4c46f000 	/System/Library/PrivateFrameworks/MultitouchSupport.framework/Versions/A/MultitouchSupport
0x00007fff337c1000 	/System/Library/Frameworks/IOKit.framework/Versions/A/IOKit
0x00007fff560f7000 	/usr/lib/libDiagnosticMessagesClient.dylib
0x00007fff32117000 	/System/Library/Frameworks/CoreServices.framework/Versions/A/CoreServices
0x00007fff4def9000 	/System/Library/PrivateFrameworks/PerformanceAnalysis.framework/Versions/A/PerformanceAnalysis
0x00007fff3b2c7000 	/System/Library/Frameworks/OpenGL.framework/Versions/A/OpenGL
0x00007fff3082b000 	/System/Library/Frameworks/ColorSync.framework/Versions/A/ColorSync
0x00007fff31a85000 	/System/Library/Frameworks/CoreImage.framework/Versions/A/CoreImage
0x00007fff32a96000 	/System/Library/Frameworks/CoreText.framework/Versions/A/CoreText
0x00007fff338b9000 	/System/Library/Frameworks/ImageIO.framework/Versions/A/ImageIO
0x00007fff415a2000 	/System/Library/PrivateFrameworks/Backup.framework/Versions/A/Backup
0x00007fff5650c000 	/usr/lib/libarchive.2.dylib
0x00007fff2ffa8000 	/System/Library/Frameworks/CFNetwork.framework/Versions/A/CFNetwork
0x00007fff3d31c000 	/System/Library/Frameworks/SystemConfiguration.framework/Versions/A/SystemConfiguration
0x00007fff56020000 	/usr/lib/libCRFSuite.dylib
0x00007fff56713000 	/usr/lib/libc++.1.dylib
0x00007fff5676a000 	/usr/lib/libc++abi.dylib
0x00007fff58574000 	/usr/lib/system/libcache.dylib
0x00007fff58579000 	/usr/lib/system/libcommonCrypto.dylib
0x00007fff58584000 	/usr/lib/system/libcompiler_rt.dylib
0x00007fff5858c000 	/usr/lib/system/libcopyfile.dylib
0x00007fff58595000 	/usr/lib/system/libcorecrypto.dylib
0x00007fff586a0000 	/usr/lib/system/libdispatch.dylib
0x00007fff586da000 	/usr/lib/system/libdyld.dylib
0x00007fff586f8000 	/usr/lib/system/libkeymgr.dylib
0x00007fff58706000 	/usr/lib/system/liblaunch.dylib
0x00007fff58707000 	/usr/lib/system/libmacho.dylib
0x00007fff5870c000 	/usr/lib/system/libquarantine.dylib
0x00007fff5870f000 	/usr/lib/system/libremovefile.dylib
0x00007fff58711000 	/usr/lib/system/libsystem_asl.dylib
0x00007fff58729000 	/usr/lib/system/libsystem_blocks.dylib
0x00007fff5872a000 	/usr/lib/system/libsystem_c.dylib
0x00007fff587b4000 	/usr/lib/system/libsystem_configuration.dylib
0x00007fff587b8000 	/usr/lib/system/libsystem_coreservices.dylib
0x00007fff587bc000 	/usr/lib/system/libsystem_darwin.dylib
0x00007fff587be000 	/usr/lib/system/libsystem_dnssd.dylib
0x00007fff587c5000 	/usr/lib/system/libsystem_info.dylib
0x00007fff58835000 	/usr/lib/system/libsystem_m.dylib
0x00007fff58881000 	/usr/lib/system/libsystem_malloc.dylib
0x00007fff588a1000 	/usr/lib/system/libsystem_network.dylib
0x00007fff58945000 	/usr/lib/system/libsystem_networkextension.dylib
0x00007fff58950000 	/usr/lib/system/libsystem_notify.dylib
0x00007fff5896e000 	/usr/lib/system/libsystem_sandbox.dylib
0x00007fff58972000 	/usr/lib/system/libsystem_secinit.dylib
0x00007fff5880f000 	/usr/lib/system/libsystem_kernel.dylib
0x00007fff5895a000 	/usr/lib/system/libsystem_platform.dylib
0x00007fff58962000 	/usr/lib/system/libsystem_pthread.dylib
0x00007fff58974000 	/usr/lib/system/libsystem_symptoms.dylib
0x00007fff5897c000 	/usr/lib/system/libsystem_trace.dylib
0x00007fff58991000 	/usr/lib/system/libunwind.dylib
0x00007fff58997000 	/usr/lib/system/libxpc.dylib
0x00007fff55f4e000 	/usr/lib/closure/libclosured.dylib
0x00007fff566f4000 	/usr/lib/libbsm.0.dylib
0x00007fff586f9000 	/usr/lib/system/libkxld.dylib
0x00007fff56331000 	/usr/lib/libOpenScriptingUtil.dylib
0x00007fff56a5f000 	/usr/lib/libcoretls.dylib
0x00007fff56a78000 	/usr/lib/libcoretls_cfhelpers.dylib
0x00007fff57ede000 	/usr/lib/libpam.2.dylib
0x00007fff58005000 	/usr/lib/libsqlite3.dylib
0x00007fff583a3000 	/usr/lib/libxar.1.dylib
0x00007fff56705000 	/usr/lib/libbz2.1.0.dylib
0x00007fff574ad000 	/usr/lib/liblzma.5.dylib
0x00007fff5798e000 	/usr/lib/libnetwork.dylib
0x00007fff564f5000 	/usr/lib/libapple_nghttp2.dylib
0x00007fff57ee5000 	/usr/lib/libpcap.A.dylib
0x00007fff5663f000 	/usr/lib/libboringssl.dylib
0x00007fff58365000 	/usr/lib/libusrtcp.dylib
0x00007fff564f4000 	/usr/lib/libapple_crypto.dylib
0x00007fff3249a000 	/System/Library/Frameworks/CoreServices.framework/Versions/A/Frameworks/FSEvents.framework/Versions/A/FSEvents
0x00007fff3218d000 	/System/Library/Frameworks/CoreServices.framework/Versions/A/Frameworks/CarbonCore.framework/Versions/A/CarbonCore
0x00007fff3265b000 	/System/Library/Frameworks/CoreServices.framework/Versions/A/Frameworks/Metadata.framework/Versions/A/Metadata
0x00007fff3270b000 	/System/Library/Frameworks/CoreServices.framework/Versions/A/Frameworks/OSServices.framework/Versions/A/OSServices
0x00007fff32769000 	/System/Library/Frameworks/CoreServices.framework/Versions/A/Frameworks/SearchKit.framework/Versions/A/SearchKit
0x00007fff32118000 	/System/Library/Frameworks/CoreServices.framework/Versions/A/Frameworks/AE.framework/Versions/A/AE
0x00007fff324a3000 	/System/Library/Frameworks/CoreServices.framework/Versions/A/Frameworks/LaunchServices.framework/Versions/A/LaunchServices
0x00007fff32465000 	/System/Library/Frameworks/CoreServices.framework/Versions/A/Frameworks/DictionaryServices.framework/Versions/A/DictionaryServices
0x00007fff327d8000 	/System/Library/Frameworks/CoreServices.framework/Versions/A/Frameworks/SharedFileList.framework/Versions/A/SharedFileList
0x00007fff366e6000 	/System/Library/Frameworks/NetFS.framework/Versions/A/NetFS
0x00007fff4c6fb000 	/System/Library/PrivateFrameworks/NetAuth.framework/Versions/A/NetAuth
0x00007fff55de8000 	/System/Library/PrivateFrameworks/login.framework/Versions/A/Frameworks/loginsupport.framework/Versions/A/loginsupport
0x00007fff5418d000 	/System/Library/PrivateFrameworks/TCC.framework/Versions/A/TCC
0x00007fff5758e000 	/usr/lib/libmecabra.dylib
0x00007fff2f4bf000 	/System/Library/Frameworks/ApplicationServices.framework/Versions/A/Frameworks/ATS.framework/Versions/A/ATS
0x00007fff2f86d000 	/System/Library/Frameworks/ApplicationServices.framework/Versions/A/Frameworks/ColorSyncLegacy.framework/Versions/A/ColorSyncLegacy
0x00007fff2f911000 	/System/Library/Frameworks/ApplicationServices.framework/Versions/A/Frameworks/HIServices.framework/Versions/A/HIServices
0x00007fff2f964000 	/System/Library/Frameworks/ApplicationServices.framework/Versions/A/Frameworks/LangAnalysis.framework/Versions/A/LangAnalysis
0x00007fff2f973000 	/System/Library/Frameworks/ApplicationServices.framework/Versions/A/Frameworks/PrintCore.framework/Versions/A/PrintCore
0x00007fff2f9c0000 	/System/Library/Frameworks/ApplicationServices.framework/Versions/A/Frameworks/QD.framework/Versions/A/QD
0x00007fff2f9fb000 	/System/Library/Frameworks/ApplicationServices.framework/Versions/A/Frameworks/SpeechSynthesis.framework/Versions/A/SpeechSynthesis
0x00007fff30ef3000 	/System/Library/Frameworks/CoreDisplay.framework/Versions/A/CoreDisplay
0x00007fff2d369000 	/System/Library/Frameworks/Accelerate.framework/Versions/A/Frameworks/vImage.framework/Versions/A/vImage
0x00007fff2e327000 	/System/Library/Frameworks/Accelerate.framework/Versions/A/Frameworks/vecLib.framework/Versions/A/vecLib
0x00007fff2e0fd000 	/System/Library/Frameworks/Accelerate.framework/Versions/A/Frameworks/vecLib.framework/Versions/A/libvDSP.dylib
0x00007fff2dc5a000 	/System/Library/Frameworks/Accelerate.framework/Versions/A/Frameworks/vecLib.framework/Versions/A/libBNNS.dylib
0x00007fff2e085000 	/System/Library/Frameworks/Accelerate.framework/Versions/A/Frameworks/vecLib.framework/Versions/A/libQuadrature.dylib
0x00007fff2e271000 	/System/Library/Frameworks/Accelerate.framework/Versions/A/Frameworks/vecLib.framework/Versions/A/libvMisc.dylib
0x00007fff2dc94000 	/System/Library/Frameworks/Accelerate.framework/Versions/A/Frameworks/vecLib.framework/Versions/A/libLAPACK.dylib
0x00007fff2dab8000 	/System/Library/Frameworks/Accelerate.framework/Versions/A/Frameworks/vecLib.framework/Versions/A/libBLAS.dylib
0x00007fff2e06e000 	/System/Library/Frameworks/Accelerate.framework/Versions/A/Frameworks/vecLib.framework/Versions/A/libLinearAlgebra.dylib
0x00007fff2e08b000 	/System/Library/Frameworks/Accelerate.framework/Versions/A/Frameworks/vecLib.framework/Versions/A/libSparse.dylib
0x00007fff2e0ea000 	/System/Library/Frameworks/Accelerate.framework/Versions/A/Frameworks/vecLib.framework/Versions/A/libSparseBLAS.dylib
0x00007fff4ae37000 	/System/Library/PrivateFrameworks/IOAccelerator.framework/Versions/A/IOAccelerator
0x00007fff4ae42000 	/System/Library/PrivateFrameworks/IOPresentment.framework/Versions/A/IOPresentment
0x00007fff45056000 	/System/Library/PrivateFrameworks/DSExternalDisplay.framework/Versions/A/DSExternalDisplay
0x00007fff3a74a000 	/System/Library/Frameworks/OpenGL.framework/Versions/A/Libraries/libCoreFSCache.dylib
0x00007fff32be5000 	/System/Library/Frameworks/CoreVideo.framework/Versions/A/CoreVideo
0x00007fff4a49b000 	/System/Library/PrivateFrameworks/GraphVisualizer.framework/Versions/A/GraphVisualizer
0x00007fff356db000 	/System/Library/Frameworks/MetalPerformanceShaders.framework/Versions/A/MetalPerformanceShaders
0x00007fff5612f000 	/usr/lib/libFosl_dynamic.dylib
0x00007fff4606d000 	/System/Library/PrivateFrameworks/FaceCore.framework/Versions/A/FaceCore
0x00007fff39552000 	/System/Library/Frameworks/OpenCL.framework/Versions/A/OpenCL
0x00007fff567a1000 	/usr/lib/libcompression.dylib
0x00007fff2f5be000 	/System/Library/Frameworks/ApplicationServices.framework/Versions/A/Frameworks/ATS.framework/Versions/A/Resources/libFontParser.dylib
0x00007fff2f6e1000 	/System/Library/Frameworks/ApplicationServices.framework/Versions/A/Frameworks/ATS.framework/Versions/A/Resources/libFontRegistry.dylib
0x00007fff33b1d000 	/System/Library/Frameworks/ImageIO.framework/Versions/A/Resources/libJPEG.dylib
0x00007fff33e47000 	/System/Library/Frameworks/ImageIO.framework/Versions/A/Resources/libTIFF.dylib
0x00007fff33e1d000 	/System/Library/Frameworks/ImageIO.framework/Versions/A/Resources/libPng.dylib
0x00007fff33a30000 	/System/Library/Frameworks/ImageIO.framework/Versions/A/Resources/libGIF.dylib
0x00007fff33a35000 	/System/Library/Frameworks/ImageIO.framework/Versions/A/Resources/libJP2.dylib
0x00007fff33e44000 	/System/Library/Frameworks/ImageIO.framework/Versions/A/Resources/libRadiance.dylib
0x00007fff40d30000 	/System/Library/PrivateFrameworks/AppleJPEG.framework/Versions/A/AppleJPEG
0x00007fff4c1ec000 	/System/Library/PrivateFrameworks/MetalTools.framework/Versions/A/MetalTools
0x00007fff355c3000 	/System/Library/Frameworks/MetalPerformanceShaders.framework/Frameworks/MPSCore.framework/Versions/A/MPSCore
0x00007fff355d9000 	/System/Library/Frameworks/MetalPerformanceShaders.framework/Frameworks/MPSImage.framework/Versions/A/MPSImage
0x00007fff35644000 	/System/Library/Frameworks/MetalPerformanceShaders.framework/Frameworks/MPSMatrix.framework/Versions/A/MPSMatrix
0x00007fff35664000 	/System/Library/Frameworks/MetalPerformanceShaders.framework/Frameworks/MPSNeuralNetwork.framework/Versions/A/MPSNeuralNetwork
0x00007fff3a911000 	/System/Library/Frameworks/OpenGL.framework/Versions/A/Libraries/libGLU.dylib
0x00007fff3a753000 	/System/Library/Frameworks/OpenGL.framework/Versions/A/Libraries/libGFXShared.dylib
0x00007fff3a75c000 	/System/Library/Frameworks/OpenGL.framework/Versions/A/Libraries/libGL.dylib
0x00007fff3a768000 	/System/Library/Frameworks/OpenGL.framework/Versions/A/Libraries/libGLImage.dylib
0x00007fff3a747000 	/System/Library/Frameworks/OpenGL.framework/Versions/A/Libraries/libCVMSPluginSupport.dylib
0x00007fff3a74e000 	/System/Library/Frameworks/OpenGL.framework/Versions/A/Libraries/libCoreVMClient.dylib
0x00007fff56f49000 	/usr/lib/libcups.2.dylib
0x00007fff34bcb000 	/System/Library/Frameworks/Kerberos.framework/Versions/A/Kerberos
0x00007fff3351d000 	/System/Library/Frameworks/GSS.framework/Versions/A/GSS
0x00007fff57f99000 	/usr/lib/libresolv.9.dylib
0x00007fff57145000 	/usr/lib/libiconv.2.dylib
0x00007fff4a522000 	/System/Library/PrivateFrameworks/Heimdal.framework/Versions/A/Heimdal
0x00007fff57114000 	/usr/lib/libheimdal-asn1.dylib
0x00007fff395bd000 	/System/Library/Frameworks/OpenDirectory.framework/Versions/A/OpenDirectory
0x00007fff42f82000 	/System/Library/PrivateFrameworks/CommonAuth.framework/Versions/A/CommonAuth
0x00007fff395a0000 	/System/Library/Frameworks/OpenDirectory.framework/Versions/A/Frameworks/CFOpenDirectory.framework/Versions/A/CFOpenDirectory
0x00007fff3cebd000 	/System/Library/Frameworks/SecurityFoundation.framework/Versions/A/SecurityFoundation
0x00007fff3ff51000 	/System/Library/PrivateFrameworks/APFS.framework/Versions/A/APFS
0x00007fff5839f000 	/usr/lib/libutil.dylib
0x00007fff40db3000 	/System/Library/PrivateFrameworks/AppleSauce.framework/Versions/A/AppleSauce
0x00007fff4b60a000 	/System/Library/PrivateFrameworks/LinguisticData.framework/Versions/A/LinguisticData
0x00007fff574c7000 	/usr/lib/libmarisa.dylib
0x00007fff4b5c4000 	/System/Library/PrivateFrameworks/Lexicon.framework/Versions/A/Lexicon
0x00007fff5605a000 	/usr/lib/libChineseTokenizer.dylib
0x00007fff56790000 	/usr/lib/libcmph.dylib
0x00007fff4b4ce000 	/System/Library/PrivateFrameworks/LanguageModeling.framework/Versions/A/LanguageModeling
0x00007fff43991000 	/System/Library/PrivateFrameworks/CoreEmoji.framework/Versions/A/CoreEmoji
0x00007fff3cf75000 	/System/Library/Frameworks/ServiceManagement.framework/Versions/A/ServiceManagement
0x00007fff4159a000 	/System/Library/PrivateFrameworks/BackgroundTaskManagement.framework/Versions/A/BackgroundTaskManagement
0x00007fff5849c000 	/usr/lib/libxslt.1.dylib
0x00007fff30635000 	/System/Library/Frameworks/Carbon.framework/Versions/A/Frameworks/Ink.framework/Versions/A/Ink
0x00007fff5439b000 	/System/Library/PrivateFrameworks/TextureIO.framework/Versions/A/TextureIO
0x00007fff56537000 	/usr/lib/libate.dylib
0x00007fff44fb8000 	/System/Library/PrivateFrameworks/CrashReporterSupport.framework/Versions/A/CrashReporterSupport
0x00007fff51817000 	/System/Library/PrivateFrameworks/Sharing.framework/Versions/A/Sharing
0x00007fff4b217000 	/System/Library/PrivateFrameworks/IconServices.framework/Versions/A/IconServices
0x00007fff4fcfc000 	/System/Library/PrivateFrameworks/ProtocolBuffer.framework/Versions/A/ProtocolBuffer
0x00007fff40bbd000 	/System/Library/PrivateFrameworks/Apple80211.framework/Versions/A/Apple80211
0x00007fff32c20000 	/System/Library/Frameworks/CoreWLAN.framework/Versions/A/CoreWLAN
0x00007fff44e05000 	/System/Library/PrivateFrameworks/CoreUtils.framework/Versions/A/CoreUtils
0x00007fff3365e000 	/System/Library/Frameworks/IOBluetooth.framework/Versions/A/IOBluetooth
0x00007fff44f53000 	/System/Library/PrivateFrameworks/CoreWiFi.framework/Versions/A/CoreWiFi
0x00007fff30b69000 	/System/Library/Frameworks/CoreBluetooth.framework/Versions/A/CoreBluetooth
0x00007fff51945000 	/System/Library/PrivateFrameworks/SignpostNotification.framework/Versions/A/SignpostNotification
0x00007fff451a5000 	/System/Library/PrivateFrameworks/DebugSymbols.framework/Versions/A/DebugSymbols
0x00007fff44bbc000 	/System/Library/PrivateFrameworks/CoreSymbolication.framework/Versions/A/CoreSymbolication
0x00007fff53c1e000 	/System/Library/PrivateFrameworks/Symbolication.framework/Versions/A/Symbolication
0x00007fff40be7000 	/System/Library/PrivateFrameworks/AppleFSCompression.framework/Versions/A/AppleFSCompression
0x00007fff53084000 	/System/Library/PrivateFrameworks/SpeechRecognitionCore.framework/Versions/A/SpeechRecognitionCore
0x0000000110400000 	/Library/Java/JavaVirtualMachines/jdk-9.0.4.jdk/Contents/Home/lib/server/libjvm.dylib
0x00007fff58297000 	/usr/lib/libstdc++.6.0.9.dylib
0x000000010fb13000 	/Library/Java/JavaVirtualMachines/jdk-9.0.4.jdk/Contents/Home/lib/libverify.dylib
0x000000010fb20000 	/Library/Java/JavaVirtualMachines/jdk-9.0.4.jdk/Contents/Home/lib/libjava.dylib
0x000000010fb56000 	/Library/Java/JavaVirtualMachines/jdk-9.0.4.jdk/Contents/Home/lib/libjdwp.dylib
0x000000010fb93000 	/Library/Java/JavaVirtualMachines/jdk-9.0.4.jdk/Contents/Home/lib/libinstrument.dylib
0x000000010fbe8000 	/Library/Java/JavaVirtualMachines/jdk-9.0.4.jdk/Contents/Home/lib/libzip.dylib
0x000000010fbf0000 	/Library/Java/JavaVirtualMachines/jdk-9.0.4.jdk/Contents/Home/lib/libjimage.dylib
0x00000001303f2000 	/Library/Java/JavaVirtualMachines/jdk-9.0.4.jdk/Contents/Home/lib/libnio.dylib
0x0000000130402000 	/Library/Java/JavaVirtualMachines/jdk-9.0.4.jdk/Contents/Home/lib/./libnet.dylib
0x00000001304c3000 	/Library/Java/JavaVirtualMachines/jdk-9.0.4.jdk/Contents/Home/lib/libdt_socket.dylib

VM Arguments:
jvm_args: -agentlib:jdwp=transport=dt_socket,address=127.0.0.1:51767,suspend=y,server=n -javaagent:/Users/piiik98/Library/Caches/IntelliJIdea2017.3/captureAgent/debugger-agent.jar=/private/var/folders/k5/m419bnpj1bb32z9rkhnj3sfh0000gn/T/capture.props -Dfile.encoding=UTF-8 
java_command: main
java_class_path (initial): /Users/piiik98/eclipse-workspace/Assignment1CP2406/bin:/Applications/IntelliJ IDEA.app/Contents/lib/idea_rt.jar
Launcher Type: SUN_STANDARD

Logging:
Log output configuration:
#0: stdout all=warning uptime,level,tags
#1: stderr all=off uptime,level,tags

Environment Variables:
PATH=/opt/local/bin:/opt/local/sbin:/Library/Frameworks/Python.framework/Versions/3.6/bin:/usr/local/bin:/usr/bin:/bin:/usr/sbin:/sbin
SHELL=/bin/bash

Signal Handlers:
SIGSEGV: [libjvm.dylib+0x73f3dc], sa_mask[0]=11111111011111110111111111111111, sa_flags=SA_ONSTACK|SA_RESTART|SA_SIGINFO
SIGBUS: [libjvm.dylib+0x73f3dc], sa_mask[0]=11111111011111110111111111111111, sa_flags=SA_RESTART|SA_SIGINFO
SIGFPE: [libjvm.dylib+0x73f3dc], sa_mask[0]=11111111011111110111111111111111, sa_flags=SA_RESTART|SA_SIGINFO
SIGPIPE: [libjvm.dylib+0x5f233c], sa_mask[0]=11111111011111110111111111111111, sa_flags=SA_RESTART|SA_SIGINFO
SIGXFSZ: [libjvm.dylib+0x5f233c], sa_mask[0]=11111111011111110111111111111111, sa_flags=SA_RESTART|SA_SIGINFO
SIGILL: [libjvm.dylib+0x73f3dc], sa_mask[0]=11111111011111110111111111111111, sa_flags=SA_RESTART|SA_SIGINFO
SIGUSR2: [libjvm.dylib+0x5f2bcc], sa_mask[0]=00100000000000000000000000000000, sa_flags=SA_RESTART|SA_SIGINFO
SIGHUP: [libjvm.dylib+0x5f1409], sa_mask[0]=11111111011111110111111111111111, sa_flags=SA_RESTART|SA_SIGINFO
SIGINT: [libjvm.dylib+0x5f1409], sa_mask[0]=11111111011111110111111111111111, sa_flags=SA_RESTART|SA_SIGINFO
SIGTERM: [libjvm.dylib+0x5f1409], sa_mask[0]=11111111011111110111111111111111, sa_flags=SA_RESTART|SA_SIGINFO
SIGQUIT: [libjvm.dylib+0x5f1409], sa_mask[0]=11111111011111110111111111111111, sa_flags=SA_RESTART|SA_SIGINFO


---------------  S Y S T E M  ---------------

OS:uname:Darwin 17.2.0 Darwin Kernel Version 17.2.0: Fri Sep 29 18:27:05 PDT 2017; root:xnu-4570.20.62~3/RELEASE_X86_64 x86_64
rlimit: STACK 8192k, CORE 0k, NPROC 709, NOFILE 10240, AS infinity
load average:18.96 11.62 9.49

CPU:total 4 (initial active 4) (2 cores per cpu, 2 threads per core) family 6 model 58 stepping 9, cmov, cx8, fxsr, mmx, sse, sse2, sse3, ssse3, sse4.1, sse4.2, popcnt, avx, aes, clmul, erms, ht, tsc, tscinvbit, tscinv

Memory: 4k page, physical 4194304k(44692k free)

vm_info: Java HotSpot(TM) 64-Bit Server VM (9.0.4+11) for bsd-amd64 JRE (9.0.4+11), built on Dec 20 2017 02:08:50 by "mach5one" with gcc 4.2.1 Compatible Apple LLVM 6.1.0 (clang-602.0.49)

END.
